[debug] [2021-11-12T13:20:48.583Z] ----------------------------------------------------------------------
[debug] [2021-11-12T13:20:48.590Z] Command:       C:\Program Files\nodejs\node.exe C:\Users\Digital\AppData\Roaming\npm\node_modules\firebase-tools\lib\bin\firebase.js init
[debug] [2021-11-12T13:20:48.591Z] CLI Version:   9.22.0
[debug] [2021-11-12T13:20:48.592Z] Platform:      win32
[debug] [2021-11-12T13:20:48.592Z] Node Version:  v14.17.1
[debug] [2021-11-12T13:20:48.594Z] Time:          Fri Nov 12 2021 19:20:48 GMT+0600 (Omsk Standard Time)
[debug] [2021-11-12T13:20:48.594Z] ----------------------------------------------------------------------
[debug] 
[debug] [2021-11-12T13:20:48.612Z] > command requires scopes: ["email","openid","https://www.googleapis.com/auth/cloudplatformprojects.readonly","https://www.googleapis.com/auth/firebase","https://www.googleapis.com/auth/cloud-platform"]
[debug] [2021-11-12T13:20:48.612Z] > authorizing via signed-in user (shorifali4321@gmail.com)
[info] 
     ######## #### ########  ######## ########     ###     ######  ########
     ##        ##  ##     ## ##       ##     ##  ##   ##  ##       ##
     ######    ##  ########  ######   ########  #########  ######  ######
     ##        ##  ##    ##  ##       ##     ## ##     ##       ## ##
     ##       #### ##     ## ######## ########  ##     ##  ######  ########

You're about to initialize a Firebase project in this directory:

  F:\project\ReactNode\working

[info] 
=== Project Setup
[info] 
[info] First, let's associate this project directory with a Firebase project.
[info] You can create multiple project aliases by running firebase use --add, 
[info] but for now we'll just set up a default project.
[info] 
[debug] [2021-11-12T13:21:01.280Z] > refreshing access token with scopes: []
[debug] [2021-11-12T13:21:01.281Z] >>> HTTP REQUEST POST https://www.googleapis.com/oauth2/v3/token  
 <request body omitted>
[debug] [2021-11-12T13:21:12.562Z] <<< HTTP RESPONSE 200 {"pragma":"no-cache","date":"Fri, 12 Nov 2021 13:23:56 GMT","expires":"Mon, 01 Jan 1990 00:00:00 GMT","cache-control":"no-cache, no-store, max-age=0, must-revalidate","content-type":"application/json; charset=utf-8","vary":"X-Origin, Referer, Origin,Accept-Encoding","server":"scaffolding on HTTPServer2","x-xss-protection":"0","x-frame-options":"SAMEORIGIN","x-content-type-options":"nosniff","alt-svc":"clear","accept-ranges":"none","transfer-encoding":"chunked"}
[debug] [2021-11-12T13:21:12.580Z] >>> [apiv2][query] GET https://firebase.googleapis.com/v1beta1/projects pageSize=100
[debug] [2021-11-12T13:21:28.241Z] <<< [apiv2][status] GET https://firebase.googleapis.com/v1beta1/projects 200
[debug] [2021-11-12T13:21:28.242Z] <<< [apiv2][body] GET https://firebase.googleapis.com/v1beta1/projects [omitted]
[info] i  Using project bag-website-eec4d (bag-website) 
[info] 
=== Functions Setup
[info] 
[info] A functions directory will be created in your project with sample code
[info] pre-configured. Functions can be deployed with firebase deploy.
[info] 
[debug] [2021-11-12T13:21:45.902Z] > command requires scopes: ["email","openid","https://www.googleapis.com/auth/cloudplatformprojects.readonly","https://www.googleapis.com/auth/firebase","https://www.googleapis.com/auth/cloud-platform"]
[debug] [2021-11-12T13:21:45.902Z] > authorizing via signed-in user (shorifali4321@gmail.com)
[debug] [2021-11-12T13:21:45.902Z] [iam] checking project bag-website-eec4d for permissions ["firebase.projects.get"]
[debug] [2021-11-12T13:21:45.904Z] > refreshing access token with scopes: ["email","https://www.googleapis.com/auth/cloud-platform","https://www.googleapis.com/auth/cloudplatformprojects.readonly","https://www.googleapis.com/auth/firebase","openid"]
[debug] [2021-11-12T13:21:45.905Z] >>> HTTP REQUEST POST https://www.googleapis.com/oauth2/v3/token  
 <request body omitted>
[debug] [2021-11-12T13:21:57.354Z] <<< HTTP RESPONSE 200 {"cache-control":"no-cache, no-store, max-age=0, must-revalidate","expires":"Mon, 01 Jan 1990 00:00:00 GMT","date":"Fri, 12 Nov 2021 13:24:41 GMT","pragma":"no-cache","content-type":"application/json; charset=utf-8","vary":"X-Origin, Referer, Origin,Accept-Encoding","server":"scaffolding on HTTPServer2","x-xss-protection":"0","x-frame-options":"SAMEORIGIN","x-content-type-options":"nosniff","alt-svc":"clear","accept-ranges":"none","transfer-encoding":"chunked"}
[debug] [2021-11-12T13:21:57.368Z] >>> HTTP REQUEST POST https://cloudresourcemanager.googleapis.com/v1/projects/bag-website-eec4d:testIamPermissions  
 {"permissions":["firebase.projects.get"]}
[debug] [2021-11-12T13:22:04.071Z] <<< HTTP RESPONSE 200 {"content-type":"application/json; charset=UTF-8","vary":"X-Origin, Referer, Origin,Accept-Encoding","date":"Fri, 12 Nov 2021 13:24:47 GMT","server":"ESF","cache-control":"private","x-xss-protection":"0","x-frame-options":"SAMEORIGIN","x-content-type-options":"nosniff","server-timing":"gfet4t7; dur=1187","alt-svc":"clear","accept-ranges":"none","transfer-encoding":"chunked"}
[debug] [2021-11-12T13:22:04.073Z] >>> HTTP REQUEST POST https://serviceusage.googleapis.com/v1/projects/bag-website-eec4d/services/cloudfunctions.googleapis.com:enable  
 
[debug] [2021-11-12T13:22:04.074Z] >>> HTTP REQUEST POST https://serviceusage.googleapis.com/v1/projects/bag-website-eec4d/services/runtimeconfig.googleapis.com:enable  
 
[debug] [2021-11-12T13:22:13.673Z] <<< HTTP RESPONSE 200 {"content-type":"application/json; charset=UTF-8","vary":"X-Origin, Referer, Origin,Accept-Encoding","date":"Fri, 12 Nov 2021 13:24:57 GMT","server":"ESF","cache-control":"private","x-xss-protection":"0","x-frame-options":"SAMEORIGIN","x-content-type-options":"nosniff","alt-svc":"clear","accept-ranges":"none","transfer-encoding":"chunked"}
[debug] [2021-11-12T13:22:13.760Z] <<< HTTP RESPONSE 200 {"content-type":"application/json; charset=UTF-8","vary":"X-Origin, Referer, Origin,Accept-Encoding","date":"Fri, 12 Nov 2021 13:24:57 GMT","server":"ESF","cache-control":"private","x-xss-protection":"0","x-frame-options":"SAMEORIGIN","x-content-type-options":"nosniff","alt-svc":"clear","accept-ranges":"none","transfer-encoding":"chunked"}
